2026-02-27 00:50:47,373 pid=11496 ============== DEBUG FITNESS ==============
2026-02-27 00:50:47,373 pid=11496 stim_e1_v2               = 0.331 Hz
2026-02-27 00:50:47,373 pid=11496 mean_offstim_e1_v2       = 0.332 Hz
2026-02-27 00:50:47,373 pid=11496 persistent_e1_46         = 22.106 Hz
2026-02-27 00:50:47,373 pid=11496 mean_pre_e1_46           = 22.124 Hz
2026-02-27 00:50:47,373 pid=11496 e2_metric (anywhere, any t)= 0.000 Hz
2026-02-27 00:50:47,373 pid=11496 --- penalties ---
2026-02-27 00:50:47,373 pid=11496 penalty_e1_v2_high_during_stim = 2.786
2026-02-27 00:50:47,373 pid=11496 penalty_e1_v2_low_outside_stim = 0.000
2026-02-27 00:50:47,373 pid=11496 penalty_e1_v2_total            = 2.786
2026-02-27 00:50:47,374 pid=11496 penalty_e1_46_high_persistent  = 0.000
2026-02-27 00:50:47,374 pid=11496 penalty_e1_46_low_before_stim  = 21.124
2026-02-27 00:50:47,374 pid=11496 penalty_e1_46_total            = 21.124
2026-02-27 00:50:47,374 pid=11496 penalty_e2                     = 0.000
2026-02-27 00:50:47,374 pid=11496 total_penalty_stim             = 23.911
2026-02-27 00:50:47,374 pid=11496 ---- SHAPE THE PATTERN ----
2026-02-27 00:50:47,374 pid=11496 v2_delta                   = -0.001 Hz
2026-02-27 00:50:47,374 pid=11496 a46_delta                  = -0.019 Hz
2026-02-27 00:50:47,374 pid=11496 bif_term                   = -21.024 Hz
2026-02-27 00:50:47,374 pid=11496 --- pattern penalties ---
2026-02-27 00:50:47,374 pid=11496 penalty_v2_no_transient           = 2.823
2026-02-27 00:50:47,374 pid=11496 penalty_46_no_persistence         = 2.953
2026-02-27 00:50:47,374 pid=11496 penalty_no_bifurcation_pattern    = 0.000
2026-02-27 00:50:47,374 pid=11496 TOTAL PENALTY (stim+base) = 29.686
2026-02-27 00:50:47,374 pid=11496 ===========================================
2026-02-27 00:51:01,812 pid=11496 ============== DEBUG FITNESS ==============
2026-02-27 00:51:01,812 pid=11496 stim_e1_v2               = 0.143 Hz
2026-02-27 00:51:01,812 pid=11496 mean_offstim_e1_v2       = 0.139 Hz
2026-02-27 00:51:01,812 pid=11496 persistent_e1_46         = 20.732 Hz
2026-02-27 00:51:01,812 pid=11496 mean_pre_e1_46           = 20.757 Hz
2026-02-27 00:51:01,812 pid=11496 e2_metric (anywhere, any t)= 0.000 Hz
2026-02-27 00:51:01,812 pid=11496 --- penalties ---
2026-02-27 00:51:01,812 pid=11496 penalty_e1_v2_high_during_stim = 3.448
2026-02-27 00:51:01,812 pid=11496 penalty_e1_v2_low_outside_stim = 0.000
2026-02-27 00:51:01,812 pid=11496 penalty_e1_v2_total            = 3.448
2026-02-27 00:51:01,812 pid=11496 penalty_e1_46_high_persistent  = 0.000
2026-02-27 00:51:01,812 pid=11496 penalty_e1_46_low_before_stim  = 19.757
2026-02-27 00:51:01,812 pid=11496 penalty_e1_46_total            = 19.757
2026-02-27 00:51:01,812 pid=11496 penalty_e2                     = 0.000
2026-02-27 00:51:01,812 pid=11496 total_penalty_stim             = 23.205
2026-02-27 00:51:01,812 pid=11496 ---- SHAPE THE PATTERN ----
2026-02-27 00:51:01,812 pid=11496 v2_delta                   = 0.005 Hz
2026-02-27 00:51:01,812 pid=11496 a46_delta                  = -0.025 Hz
2026-02-27 00:51:01,812 pid=11496 bif_term                   = -19.843 Hz
2026-02-27 00:51:01,812 pid=11496 --- pattern penalties ---
2026-02-27 00:51:01,812 pid=11496 penalty_v2_no_transient           = 2.779
2026-02-27 00:51:01,812 pid=11496 penalty_46_no_persistence         = 3.000
2026-02-27 00:51:01,812 pid=11496 penalty_no_bifurcation_pattern    = 0.000
2026-02-27 00:51:01,812 pid=11496 TOTAL PENALTY (stim+base) = 28.983
2026-02-27 00:51:01,812 pid=11496 ===========================================
2026-02-27 00:51:15,696 pid=11496 ============== DEBUG FITNESS ==============
2026-02-27 00:51:15,696 pid=11496 stim_e1_v2               = 19.245 Hz
2026-02-27 00:51:15,696 pid=11496 mean_offstim_e1_v2       = 19.229 Hz
2026-02-27 00:51:15,696 pid=11496 persistent_e1_46         = 18.738 Hz
2026-02-27 00:51:15,696 pid=11496 mean_pre_e1_46           = 18.777 Hz
2026-02-27 00:51:15,696 pid=11496 e2_metric (anywhere, any t)= 0.000 Hz
2026-02-27 00:51:15,696 pid=11496 --- penalties ---
2026-02-27 00:51:15,696 pid=11496 penalty_e1_v2_high_during_stim = 0.000
2026-02-27 00:51:15,696 pid=11496 penalty_e1_v2_low_outside_stim = 18.229
2026-02-27 00:51:15,696 pid=11496 penalty_e1_v2_total            = 18.229
2026-02-27 00:51:15,696 pid=11496 penalty_e1_46_high_persistent  = 0.000
2026-02-27 00:51:15,696 pid=11496 penalty_e1_46_low_before_stim  = 17.777
2026-02-27 00:51:15,696 pid=11496 penalty_e1_46_total            = 17.777
2026-02-27 00:51:15,696 pid=11496 penalty_e2                     = 0.000
2026-02-27 00:51:15,696 pid=11496 total_penalty_stim             = 36.006
2026-02-27 00:51:15,696 pid=11496 ---- SHAPE THE PATTERN ----
2026-02-27 00:51:15,696 pid=11496 v2_delta                   = 0.016 Hz
2026-02-27 00:51:15,696 pid=11496 a46_delta                  = -0.039 Hz
2026-02-27 00:51:15,696 pid=11496 bif_term                   = 1.241 Hz
2026-02-27 00:51:15,696 pid=11496 --- pattern penalties ---
2026-02-27 00:51:15,696 pid=11496 penalty_v2_no_transient           = 2.696
2026-02-27 00:51:15,696 pid=11496 penalty_46_no_persistence         = 3.109
2026-02-27 00:51:15,696 pid=11496 penalty_no_bifurcation_pattern    = 3.081
2026-02-27 00:51:15,696 pid=11496 TOTAL PENALTY (stim+base) = 44.892
2026-02-27 00:51:15,697 pid=11496 ===========================================
