2026-02-27 00:50:46,880 pid=25368 ============== DEBUG FITNESS ==============
2026-02-27 00:50:46,880 pid=25368 stim_e1_v2               = 21.423 Hz
2026-02-27 00:50:46,880 pid=25368 mean_offstim_e1_v2       = 21.614 Hz
2026-02-27 00:50:46,880 pid=25368 persistent_e1_46         = 23.461 Hz
2026-02-27 00:50:46,881 pid=25368 mean_pre_e1_46           = 23.511 Hz
2026-02-27 00:50:46,881 pid=25368 e2_metric (anywhere, any t)= 0.000 Hz
2026-02-27 00:50:46,881 pid=25368 --- penalties ---
2026-02-27 00:50:46,881 pid=25368 penalty_e1_v2_high_during_stim = 0.000
2026-02-27 00:50:46,881 pid=25368 penalty_e1_v2_low_outside_stim = 20.614
2026-02-27 00:50:46,881 pid=25368 penalty_e1_v2_total            = 20.614
2026-02-27 00:50:46,881 pid=25368 penalty_e1_46_high_persistent  = 0.000
2026-02-27 00:50:46,881 pid=25368 penalty_e1_46_low_before_stim  = 22.511
2026-02-27 00:50:46,881 pid=25368 penalty_e1_46_total            = 22.511
2026-02-27 00:50:46,881 pid=25368 penalty_e2                     = 0.000
2026-02-27 00:50:46,881 pid=25368 total_penalty_stim             = 43.125
2026-02-27 00:50:46,881 pid=25368 ---- SHAPE THE PATTERN ----
2026-02-27 00:50:46,881 pid=25368 v2_delta                   = -0.191 Hz
2026-02-27 00:50:46,881 pid=25368 a46_delta                  = -0.049 Hz
2026-02-27 00:50:46,881 pid=25368 bif_term                   = -1.097 Hz
2026-02-27 00:50:46,881 pid=25368 --- pattern penalties ---
2026-02-27 00:50:46,881 pid=25368 penalty_v2_no_transient           = 4.432
2026-02-27 00:50:46,881 pid=25368 penalty_46_no_persistence         = 3.194
2026-02-27 00:50:46,881 pid=25368 penalty_no_bifurcation_pattern    = 0.000
2026-02-27 00:50:46,881 pid=25368 TOTAL PENALTY (stim+base) = 50.751
2026-02-27 00:50:46,881 pid=25368 ===========================================
2026-02-27 00:50:58,466 pid=25368 ============== DEBUG FITNESS ==============
2026-02-27 00:50:58,467 pid=25368 stim_e1_v2               = 0.842 Hz
2026-02-27 00:50:58,467 pid=25368 mean_offstim_e1_v2       = 0.931 Hz
2026-02-27 00:50:58,467 pid=25368 persistent_e1_46         = 6.248 Hz
2026-02-27 00:50:58,467 pid=25368 mean_pre_e1_46           = 6.272 Hz
2026-02-27 00:50:58,467 pid=25368 e2_metric (anywhere, any t)= 0.000 Hz
2026-02-27 00:50:58,467 pid=25368 --- penalties ---
2026-02-27 00:50:58,467 pid=25368 penalty_e1_v2_high_during_stim = 1.340
2026-02-27 00:50:58,467 pid=25368 penalty_e1_v2_low_outside_stim = 0.000
2026-02-27 00:50:58,467 pid=25368 penalty_e1_v2_total            = 1.340
2026-02-27 00:50:58,467 pid=25368 penalty_e1_46_high_persistent  = 14.077
2026-02-27 00:50:58,467 pid=25368 penalty_e1_46_low_before_stim  = 5.272
2026-02-27 00:50:58,467 pid=25368 penalty_e1_46_total            = 19.349
2026-02-27 00:50:58,467 pid=25368 penalty_e2                     = 0.000
2026-02-27 00:50:58,467 pid=25368 total_penalty_stim             = 20.689
2026-02-27 00:50:58,467 pid=25368 ---- SHAPE THE PATTERN ----
2026-02-27 00:50:58,467 pid=25368 v2_delta                   = -0.089 Hz
2026-02-27 00:50:58,467 pid=25368 a46_delta                  = -0.024 Hz
2026-02-27 00:50:58,467 pid=25368 bif_term                   = -4.567 Hz
2026-02-27 00:50:58,467 pid=25368 --- pattern penalties ---
2026-02-27 00:50:58,467 pid=25368 penalty_v2_no_transient           = 3.515
2026-02-27 00:50:58,467 pid=25368 penalty_46_no_persistence         = 2.995
2026-02-27 00:50:58,467 pid=25368 penalty_no_bifurcation_pattern    = 0.000
2026-02-27 00:50:58,467 pid=25368 TOTAL PENALTY (stim+base) = 27.200
2026-02-27 00:50:58,467 pid=25368 ===========================================
2026-02-27 00:51:10,438 pid=25368 ============== DEBUG FITNESS ==============
2026-02-27 00:51:10,438 pid=25368 stim_e1_v2               = 20.366 Hz
2026-02-27 00:51:10,438 pid=25368 mean_offstim_e1_v2       = 20.507 Hz
2026-02-27 00:51:10,438 pid=25368 persistent_e1_46         = 13.029 Hz
2026-02-27 00:51:10,438 pid=25368 mean_pre_e1_46           = 13.060 Hz
2026-02-27 00:51:10,438 pid=25368 e2_metric (anywhere, any t)= 0.000 Hz
2026-02-27 00:51:10,438 pid=25368 --- penalties ---
2026-02-27 00:51:10,438 pid=25368 penalty_e1_v2_high_during_stim = 0.000
2026-02-27 00:51:10,438 pid=25368 penalty_e1_v2_low_outside_stim = 19.507
2026-02-27 00:51:10,438 pid=25368 penalty_e1_v2_total            = 19.507
2026-02-27 00:51:10,438 pid=25368 penalty_e1_46_high_persistent  = 0.000
2026-02-27 00:51:10,438 pid=25368 penalty_e1_46_low_before_stim  = 12.060
2026-02-27 00:51:10,438 pid=25368 penalty_e1_46_total            = 12.060
2026-02-27 00:51:10,438 pid=25368 penalty_e2                     = 0.000
2026-02-27 00:51:10,438 pid=25368 total_penalty_stim             = 31.568
2026-02-27 00:51:10,438 pid=25368 ---- SHAPE THE PATTERN ----
2026-02-27 00:51:10,439 pid=25368 v2_delta                   = -0.141 Hz
2026-02-27 00:51:10,439 pid=25368 a46_delta                  = -0.032 Hz
2026-02-27 00:51:10,439 pid=25368 bif_term                   = 8.229 Hz
2026-02-27 00:51:10,439 pid=25368 --- pattern penalties ---
2026-02-27 00:51:10,439 pid=25368 penalty_v2_no_transient           = 3.972
2026-02-27 00:51:10,439 pid=25368 penalty_46_no_persistence         = 3.056
2026-02-27 00:51:10,439 pid=25368 penalty_no_bifurcation_pattern    = 135.426
2026-02-27 00:51:10,439 pid=25368 TOTAL PENALTY (stim+base) = 174.022
2026-02-27 00:51:10,439 pid=25368 ===========================================
