2026-02-27 00:50:46,884 pid=14572 ============== DEBUG FITNESS ==============
2026-02-27 00:50:46,885 pid=14572 stim_e1_v2               = 22.531 Hz
2026-02-27 00:50:46,885 pid=14572 mean_offstim_e1_v2       = 22.548 Hz
2026-02-27 00:50:46,885 pid=14572 persistent_e1_46         = 22.607 Hz
2026-02-27 00:50:46,885 pid=14572 mean_pre_e1_46           = 22.631 Hz
2026-02-27 00:50:46,885 pid=14572 e2_metric (anywhere, any t)= 0.000 Hz
2026-02-27 00:50:46,885 pid=14572 --- penalties ---
2026-02-27 00:50:46,885 pid=14572 penalty_e1_v2_high_during_stim = 0.000
2026-02-27 00:50:46,885 pid=14572 penalty_e1_v2_low_outside_stim = 21.548
2026-02-27 00:50:46,885 pid=14572 penalty_e1_v2_total            = 21.548
2026-02-27 00:50:46,885 pid=14572 penalty_e1_46_high_persistent  = 0.000
2026-02-27 00:50:46,885 pid=14572 penalty_e1_46_low_before_stim  = 21.631
2026-02-27 00:50:46,885 pid=14572 penalty_e1_46_total            = 21.631
2026-02-27 00:50:46,885 pid=14572 penalty_e2                     = 0.000
2026-02-27 00:50:46,885 pid=14572 total_penalty_stim             = 43.179
2026-02-27 00:50:46,885 pid=14572 ---- SHAPE THE PATTERN ----
2026-02-27 00:50:46,886 pid=14572 v2_delta                   = -0.017 Hz
2026-02-27 00:50:46,886 pid=14572 a46_delta                  = -0.023 Hz
2026-02-27 00:50:46,886 pid=14572 bif_term                   = 0.691 Hz
2026-02-27 00:50:46,886 pid=14572 --- pattern penalties ---
2026-02-27 00:50:46,886 pid=14572 penalty_v2_no_transient           = 2.945
2026-02-27 00:50:46,886 pid=14572 penalty_46_no_persistence         = 2.991
2026-02-27 00:50:46,886 pid=14572 penalty_no_bifurcation_pattern    = 0.955
2026-02-27 00:50:46,886 pid=14572 TOTAL PENALTY (stim+base) = 50.069
2026-02-27 00:50:46,886 pid=14572 ===========================================
2026-02-27 00:50:58,632 pid=14572 ============== DEBUG FITNESS ==============
2026-02-27 00:50:58,633 pid=14572 stim_e1_v2               = 0.856 Hz
2026-02-27 00:50:58,633 pid=14572 mean_offstim_e1_v2       = 0.864 Hz
2026-02-27 00:50:58,633 pid=14572 persistent_e1_46         = 19.508 Hz
2026-02-27 00:50:58,633 pid=14572 mean_pre_e1_46           = 19.385 Hz
2026-02-27 00:50:58,633 pid=14572 e2_metric (anywhere, any t)= 0.000 Hz
2026-02-27 00:50:58,633 pid=14572 --- penalties ---
2026-02-27 00:50:58,633 pid=14572 penalty_e1_v2_high_during_stim = 1.310
2026-02-27 00:50:58,633 pid=14572 penalty_e1_v2_low_outside_stim = 0.000
2026-02-27 00:50:58,633 pid=14572 penalty_e1_v2_total            = 1.310
2026-02-27 00:50:58,633 pid=14572 penalty_e1_46_high_persistent  = 0.000
2026-02-27 00:50:58,633 pid=14572 penalty_e1_46_low_before_stim  = 18.385
2026-02-27 00:50:58,633 pid=14572 penalty_e1_46_total            = 18.385
2026-02-27 00:50:58,633 pid=14572 penalty_e2                     = 0.000
2026-02-27 00:50:58,633 pid=14572 total_penalty_stim             = 19.695
2026-02-27 00:50:58,633 pid=14572 ---- SHAPE THE PATTERN ----
2026-02-27 00:50:58,633 pid=14572 v2_delta                   = -0.008 Hz
2026-02-27 00:50:58,633 pid=14572 a46_delta                  = 0.123 Hz
2026-02-27 00:50:58,633 pid=14572 bif_term                   = -17.894 Hz
2026-02-27 00:50:58,633 pid=14572 --- pattern penalties ---
2026-02-27 00:50:58,633 pid=14572 penalty_v2_no_transient           = 2.874
2026-02-27 00:50:58,633 pid=14572 penalty_46_no_persistence         = 1.966
2026-02-27 00:50:58,633 pid=14572 penalty_no_bifurcation_pattern    = 0.000
2026-02-27 00:50:58,633 pid=14572 TOTAL PENALTY (stim+base) = 24.534
2026-02-27 00:50:58,633 pid=14572 ===========================================
2026-02-27 00:51:09,909 pid=14572 ============== DEBUG FITNESS ==============
2026-02-27 00:51:09,909 pid=14572 stim_e1_v2               = 0.323 Hz
2026-02-27 00:51:09,909 pid=14572 mean_offstim_e1_v2       = 0.330 Hz
2026-02-27 00:51:09,909 pid=14572 persistent_e1_46         = 15.865 Hz
2026-02-27 00:51:09,909 pid=14572 mean_pre_e1_46           = 16.040 Hz
2026-02-27 00:51:09,909 pid=14572 e2_metric (anywhere, any t)= 0.000 Hz
2026-02-27 00:51:09,910 pid=14572 --- penalties ---
2026-02-27 00:51:09,910 pid=14572 penalty_e1_v2_high_during_stim = 2.812
2026-02-27 00:51:09,910 pid=14572 penalty_e1_v2_low_outside_stim = 0.000
2026-02-27 00:51:09,910 pid=14572 penalty_e1_v2_total            = 2.812
2026-02-27 00:51:09,910 pid=14572 penalty_e1_46_high_persistent  = 0.000
2026-02-27 00:51:09,910 pid=14572 penalty_e1_46_low_before_stim  = 15.040
2026-02-27 00:51:09,910 pid=14572 penalty_e1_46_total            = 15.040
2026-02-27 00:51:09,910 pid=14572 penalty_e2                     = 0.000
2026-02-27 00:51:09,910 pid=14572 total_penalty_stim             = 17.852
2026-02-27 00:51:09,910 pid=14572 ---- SHAPE THE PATTERN ----
2026-02-27 00:51:09,910 pid=14572 v2_delta                   = -0.007 Hz
2026-02-27 00:51:09,910 pid=14572 a46_delta                  = -0.175 Hz
2026-02-27 00:51:09,910 pid=14572 bif_term                   = -14.785 Hz
2026-02-27 00:51:09,910 pid=14572 --- pattern penalties ---
2026-02-27 00:51:09,910 pid=14572 penalty_v2_no_transient           = 2.864
2026-02-27 00:51:09,910 pid=14572 penalty_46_no_persistence         = 4.280
2026-02-27 00:51:09,910 pid=14572 penalty_no_bifurcation_pattern    = 0.000
2026-02-27 00:51:09,910 pid=14572 TOTAL PENALTY (stim+base) = 24.996
2026-02-27 00:51:09,910 pid=14572 ===========================================
