2026-02-27 00:50:48,781 pid=24124 ============== DEBUG FITNESS ==============
2026-02-27 00:50:48,781 pid=24124 stim_e1_v2               = 1.347 Hz
2026-02-27 00:50:48,781 pid=24124 mean_offstim_e1_v2       = 1.335 Hz
2026-02-27 00:50:48,781 pid=24124 persistent_e1_46         = 24.712 Hz
2026-02-27 00:50:48,781 pid=24124 mean_pre_e1_46           = 24.747 Hz
2026-02-27 00:50:48,781 pid=24124 e2_metric (anywhere, any t)= 0.000 Hz
2026-02-27 00:50:48,781 pid=24124 --- penalties ---
2026-02-27 00:50:48,781 pid=24124 penalty_e1_v2_high_during_stim = 0.426
2026-02-27 00:50:48,781 pid=24124 penalty_e1_v2_low_outside_stim = 0.335
2026-02-27 00:50:48,781 pid=24124 penalty_e1_v2_total            = 0.760
2026-02-27 00:50:48,782 pid=24124 penalty_e1_46_high_persistent  = 0.000
2026-02-27 00:50:48,782 pid=24124 penalty_e1_46_low_before_stim  = 23.747
2026-02-27 00:50:48,782 pid=24124 penalty_e1_46_total            = 23.747
2026-02-27 00:50:48,782 pid=24124 penalty_e2                     = 0.000
2026-02-27 00:50:48,782 pid=24124 total_penalty_stim             = 24.508
2026-02-27 00:50:48,782 pid=24124 ---- SHAPE THE PATTERN ----
2026-02-27 00:50:48,782 pid=24124 v2_delta                   = 0.013 Hz
2026-02-27 00:50:48,782 pid=24124 a46_delta                  = -0.035 Hz
2026-02-27 00:50:48,782 pid=24124 bif_term                   = -22.628 Hz
2026-02-27 00:50:48,783 pid=24124 --- pattern penalties ---
2026-02-27 00:50:48,783 pid=24124 penalty_v2_no_transient           = 2.717
2026-02-27 00:50:48,783 pid=24124 penalty_46_no_persistence         = 3.083
2026-02-27 00:50:48,783 pid=24124 penalty_no_bifurcation_pattern    = 0.000
2026-02-27 00:50:48,783 pid=24124 TOTAL PENALTY (stim+base) = 30.308
2026-02-27 00:50:48,783 pid=24124 ===========================================
2026-02-27 00:51:03,352 pid=24124 ============== DEBUG FITNESS ==============
2026-02-27 00:51:03,352 pid=24124 stim_e1_v2               = 0.899 Hz
2026-02-27 00:51:03,352 pid=24124 mean_offstim_e1_v2       = 0.873 Hz
2026-02-27 00:51:03,352 pid=24124 persistent_e1_46         = 17.830 Hz
2026-02-27 00:51:03,352 pid=24124 mean_pre_e1_46           = 17.814 Hz
2026-02-27 00:51:03,352 pid=24124 e2_metric (anywhere, any t)= 0.000 Hz
2026-02-27 00:51:03,352 pid=24124 --- penalties ---
2026-02-27 00:51:03,352 pid=24124 penalty_e1_v2_high_during_stim = 1.211
2026-02-27 00:51:03,352 pid=24124 penalty_e1_v2_low_outside_stim = 0.000
2026-02-27 00:51:03,352 pid=24124 penalty_e1_v2_total            = 1.211
2026-02-27 00:51:03,352 pid=24124 penalty_e1_46_high_persistent  = 0.000
2026-02-27 00:51:03,352 pid=24124 penalty_e1_46_low_before_stim  = 16.814
2026-02-27 00:51:03,352 pid=24124 penalty_e1_46_total            = 16.814
2026-02-27 00:51:03,352 pid=24124 penalty_e2                     = 0.000
2026-02-27 00:51:03,352 pid=24124 total_penalty_stim             = 18.026
2026-02-27 00:51:03,352 pid=24124 ---- SHAPE THE PATTERN ----
2026-02-27 00:51:03,352 pid=24124 v2_delta                   = 0.026 Hz
2026-02-27 00:51:03,353 pid=24124 a46_delta                  = 0.015 Hz
2026-02-27 00:51:03,353 pid=24124 bif_term                   = -16.207 Hz
2026-02-27 00:51:03,353 pid=24124 --- pattern penalties ---
2026-02-27 00:51:03,353 pid=24124 penalty_v2_no_transient           = 2.617
2026-02-27 00:51:03,353 pid=24124 penalty_46_no_persistence         = 2.698
2026-02-27 00:51:03,353 pid=24124 penalty_no_bifurcation_pattern    = 0.000
2026-02-27 00:51:03,353 pid=24124 TOTAL PENALTY (stim+base) = 23.342
2026-02-27 00:51:03,353 pid=24124 ===========================================
2026-02-27 00:51:18,669 pid=24124 ============== DEBUG FITNESS ==============
2026-02-27 00:51:18,669 pid=24124 stim_e1_v2               = 21.157 Hz
2026-02-27 00:51:18,669 pid=24124 mean_offstim_e1_v2       = 21.205 Hz
2026-02-27 00:51:18,669 pid=24124 persistent_e1_46         = 16.203 Hz
2026-02-27 00:51:18,669 pid=24124 mean_pre_e1_46           = 16.283 Hz
2026-02-27 00:51:18,669 pid=24124 e2_metric (anywhere, any t)= 0.000 Hz
2026-02-27 00:51:18,669 pid=24124 --- penalties ---
2026-02-27 00:51:18,670 pid=24124 penalty_e1_v2_high_during_stim = 0.000
2026-02-27 00:51:18,670 pid=24124 penalty_e1_v2_low_outside_stim = 20.205
2026-02-27 00:51:18,670 pid=24124 penalty_e1_v2_total            = 20.205
2026-02-27 00:51:18,670 pid=24124 penalty_e1_46_high_persistent  = 0.000
2026-02-27 00:51:18,670 pid=24124 penalty_e1_46_low_before_stim  = 15.283
2026-02-27 00:51:18,670 pid=24124 penalty_e1_46_total            = 15.283
2026-02-27 00:51:18,670 pid=24124 penalty_e2                     = 0.000
2026-02-27 00:51:18,670 pid=24124 total_penalty_stim             = 35.489
2026-02-27 00:51:18,670 pid=24124 ---- SHAPE THE PATTERN ----
2026-02-27 00:51:18,670 pid=24124 v2_delta                   = -0.048 Hz
2026-02-27 00:51:18,670 pid=24124 a46_delta                  = -0.080 Hz
2026-02-27 00:51:18,670 pid=24124 bif_term                   = 5.752 Hz
2026-02-27 00:51:18,670 pid=24124 --- pattern penalties ---
2026-02-27 00:51:18,671 pid=24124 penalty_v2_no_transient           = 3.185
2026-02-27 00:51:18,671 pid=24124 penalty_46_no_persistence         = 3.445
2026-02-27 00:51:18,671 pid=24124 penalty_no_bifurcation_pattern    = 66.169
2026-02-27 00:51:18,671 pid=24124 TOTAL PENALTY (stim+base) = 108.288
2026-02-27 00:51:18,671 pid=24124 ===========================================
