2026-02-27 00:50:47,308 pid=17444 ============== DEBUG FITNESS ==============
2026-02-27 00:50:47,309 pid=17444 stim_e1_v2               = 18.479 Hz
2026-02-27 00:50:47,309 pid=17444 mean_offstim_e1_v2       = 18.576 Hz
2026-02-27 00:50:47,309 pid=17444 persistent_e1_46         = 15.978 Hz
2026-02-27 00:50:47,309 pid=17444 mean_pre_e1_46           = 15.956 Hz
2026-02-27 00:50:47,309 pid=17444 e2_metric (anywhere, any t)= 0.000 Hz
2026-02-27 00:50:47,309 pid=17444 --- penalties ---
2026-02-27 00:50:47,309 pid=17444 penalty_e1_v2_high_during_stim = 0.000
2026-02-27 00:50:47,309 pid=17444 penalty_e1_v2_low_outside_stim = 17.576
2026-02-27 00:50:47,309 pid=17444 penalty_e1_v2_total            = 17.576
2026-02-27 00:50:47,309 pid=17444 penalty_e1_46_high_persistent  = 0.000
2026-02-27 00:50:47,309 pid=17444 penalty_e1_46_low_before_stim  = 14.956
2026-02-27 00:50:47,309 pid=17444 penalty_e1_46_total            = 14.956
2026-02-27 00:50:47,309 pid=17444 penalty_e2                     = 0.000
2026-02-27 00:50:47,309 pid=17444 total_penalty_stim             = 32.532
2026-02-27 00:50:47,309 pid=17444 ---- SHAPE THE PATTERN ----
2026-02-27 00:50:47,309 pid=17444 v2_delta                   = -0.097 Hz
2026-02-27 00:50:47,309 pid=17444 a46_delta                  = 0.022 Hz
2026-02-27 00:50:47,309 pid=17444 bif_term                   = 3.347 Hz
2026-02-27 00:50:47,310 pid=17444 --- pattern penalties ---
2026-02-27 00:50:47,310 pid=17444 penalty_v2_no_transient           = 3.583
2026-02-27 00:50:47,310 pid=17444 penalty_46_no_persistence         = 2.652
2026-02-27 00:50:47,310 pid=17444 penalty_no_bifurcation_pattern    = 22.410
2026-02-27 00:50:47,310 pid=17444 TOTAL PENALTY (stim+base) = 61.177
2026-02-27 00:50:47,310 pid=17444 ===========================================
2026-02-27 00:50:59,139 pid=17444 ============== DEBUG FITNESS ==============
2026-02-27 00:50:59,139 pid=17444 stim_e1_v2               = 24.096 Hz
2026-02-27 00:50:59,139 pid=17444 mean_offstim_e1_v2       = 24.127 Hz
2026-02-27 00:50:59,139 pid=17444 persistent_e1_46         = 22.536 Hz
2026-02-27 00:50:59,139 pid=17444 mean_pre_e1_46           = 22.599 Hz
2026-02-27 00:50:59,139 pid=17444 e2_metric (anywhere, any t)= 0.000 Hz
2026-02-27 00:50:59,139 pid=17444 --- penalties ---
2026-02-27 00:50:59,139 pid=17444 penalty_e1_v2_high_during_stim = 0.000
2026-02-27 00:50:59,139 pid=17444 penalty_e1_v2_low_outside_stim = 23.127
2026-02-27 00:50:59,139 pid=17444 penalty_e1_v2_total            = 23.127
2026-02-27 00:50:59,139 pid=17444 penalty_e1_46_high_persistent  = 0.000
2026-02-27 00:50:59,139 pid=17444 penalty_e1_46_low_before_stim  = 21.599
2026-02-27 00:50:59,139 pid=17444 penalty_e1_46_total            = 21.599
2026-02-27 00:50:59,139 pid=17444 penalty_e2                     = 0.000
2026-02-27 00:50:59,139 pid=17444 total_penalty_stim             = 44.726
2026-02-27 00:50:59,139 pid=17444 ---- SHAPE THE PATTERN ----
2026-02-27 00:50:59,139 pid=17444 v2_delta                   = -0.031 Hz
2026-02-27 00:50:59,139 pid=17444 a46_delta                  = -0.063 Hz
2026-02-27 00:50:59,139 pid=17444 bif_term                   = 2.341 Hz
2026-02-27 00:50:59,139 pid=17444 --- pattern penalties ---
2026-02-27 00:50:59,139 pid=17444 penalty_v2_no_transient           = 3.047
2026-02-27 00:50:59,139 pid=17444 penalty_46_no_persistence         = 3.308
2026-02-27 00:50:59,139 pid=17444 penalty_no_bifurcation_pattern    = 10.960
2026-02-27 00:50:59,139 pid=17444 TOTAL PENALTY (stim+base) = 62.041
2026-02-27 00:50:59,139 pid=17444 ===========================================
2026-02-27 00:51:11,097 pid=17444 ============== DEBUG FITNESS ==============
2026-02-27 00:51:11,097 pid=17444 stim_e1_v2               = 0.623 Hz
2026-02-27 00:51:11,097 pid=17444 mean_offstim_e1_v2       = 0.634 Hz
2026-02-27 00:51:11,097 pid=17444 persistent_e1_46         = 7.110 Hz
2026-02-27 00:51:11,097 pid=17444 mean_pre_e1_46           = 6.902 Hz
2026-02-27 00:51:11,097 pid=17444 e2_metric (anywhere, any t)= 0.000 Hz
2026-02-27 00:51:11,097 pid=17444 --- penalties ---
2026-02-27 00:51:11,097 pid=17444 penalty_e1_v2_high_during_stim = 1.896
2026-02-27 00:51:11,097 pid=17444 penalty_e1_v2_low_outside_stim = 0.000
2026-02-27 00:51:11,097 pid=17444 penalty_e1_v2_total            = 1.896
2026-02-27 00:51:11,097 pid=17444 penalty_e1_46_high_persistent  = 8.352
2026-02-27 00:51:11,097 pid=17444 penalty_e1_46_low_before_stim  = 5.902
2026-02-27 00:51:11,097 pid=17444 penalty_e1_46_total            = 14.254
2026-02-27 00:51:11,097 pid=17444 penalty_e2                     = 0.000
2026-02-27 00:51:11,097 pid=17444 total_penalty_stim             = 16.150
2026-02-27 00:51:11,097 pid=17444 ---- SHAPE THE PATTERN ----
2026-02-27 00:51:11,097 pid=17444 v2_delta                   = -0.011 Hz
2026-02-27 00:51:11,097 pid=17444 a46_delta                  = 0.208 Hz
2026-02-27 00:51:11,097 pid=17444 bif_term                   = -5.726 Hz
2026-02-27 00:51:11,097 pid=17444 --- pattern penalties ---
2026-02-27 00:51:11,097 pid=17444 penalty_v2_no_transient           = 2.893
2026-02-27 00:51:11,097 pid=17444 penalty_46_no_persistence         = 1.470
2026-02-27 00:51:11,097 pid=17444 penalty_no_bifurcation_pattern    = 0.000
2026-02-27 00:51:11,097 pid=17444 TOTAL PENALTY (stim+base) = 20.513
2026-02-27 00:51:11,097 pid=17444 ===========================================
