2026-02-27 00:50:46,639 pid=24572 ============== DEBUG FITNESS ==============
2026-02-27 00:50:46,639 pid=24572 stim_e1_v2               = 2.711 Hz
2026-02-27 00:50:46,639 pid=24572 mean_offstim_e1_v2       = 6.238 Hz
2026-02-27 00:50:46,639 pid=24572 persistent_e1_46         = 19.543 Hz
2026-02-27 00:50:46,639 pid=24572 mean_pre_e1_46           = 19.691 Hz
2026-02-27 00:50:46,639 pid=24572 e2_metric (anywhere, any t)= 0.000 Hz
2026-02-27 00:50:46,639 pid=24572 --- penalties ---
2026-02-27 00:50:46,639 pid=24572 penalty_e1_v2_high_during_stim = 0.000
2026-02-27 00:50:46,639 pid=24572 penalty_e1_v2_low_outside_stim = 5.238
2026-02-27 00:50:46,639 pid=24572 penalty_e1_v2_total            = 5.238
2026-02-27 00:50:46,640 pid=24572 penalty_e1_46_high_persistent  = 0.000
2026-02-27 00:50:46,640 pid=24572 penalty_e1_46_low_before_stim  = 18.691
2026-02-27 00:50:46,640 pid=24572 penalty_e1_46_total            = 18.691
2026-02-27 00:50:46,640 pid=24572 penalty_e2                     = 0.000
2026-02-27 00:50:46,640 pid=24572 total_penalty_stim             = 23.929
2026-02-27 00:50:46,640 pid=24572 ---- SHAPE THE PATTERN ----
2026-02-27 00:50:46,640 pid=24572 v2_delta                   = -3.527 Hz
2026-02-27 00:50:46,640 pid=24572 a46_delta                  = -0.148 Hz
2026-02-27 00:50:46,640 pid=24572 bif_term                   = -12.555 Hz
2026-02-27 00:50:46,640 pid=24572 --- pattern penalties ---
2026-02-27 00:50:46,640 pid=24572 penalty_v2_no_transient           = 91.475
2026-02-27 00:50:46,640 pid=24572 penalty_46_no_persistence         = 4.031
2026-02-27 00:50:46,640 pid=24572 penalty_no_bifurcation_pattern    = 0.000
2026-02-27 00:50:46,640 pid=24572 TOTAL PENALTY (stim+base) = 119.435
2026-02-27 00:50:46,640 pid=24572 ===========================================
2026-02-27 00:51:00,509 pid=24572 ============== DEBUG FITNESS ==============
2026-02-27 00:51:00,509 pid=24572 stim_e1_v2               = 19.811 Hz
2026-02-27 00:51:00,509 pid=24572 mean_offstim_e1_v2       = 19.724 Hz
2026-02-27 00:51:00,509 pid=24572 persistent_e1_46         = 15.606 Hz
2026-02-27 00:51:00,509 pid=24572 mean_pre_e1_46           = 15.618 Hz
2026-02-27 00:51:00,509 pid=24572 e2_metric (anywhere, any t)= 0.000 Hz
2026-02-27 00:51:00,510 pid=24572 --- penalties ---
2026-02-27 00:51:00,510 pid=24572 penalty_e1_v2_high_during_stim = 0.000
2026-02-27 00:51:00,510 pid=24572 penalty_e1_v2_low_outside_stim = 18.724
2026-02-27 00:51:00,510 pid=24572 penalty_e1_v2_total            = 18.724
2026-02-27 00:51:00,510 pid=24572 penalty_e1_46_high_persistent  = 0.000
2026-02-27 00:51:00,510 pid=24572 penalty_e1_46_low_before_stim  = 14.618
2026-02-27 00:51:00,510 pid=24572 penalty_e1_46_total            = 14.618
2026-02-27 00:51:00,510 pid=24572 penalty_e2                     = 0.000
2026-02-27 00:51:00,510 pid=24572 total_penalty_stim             = 33.341
2026-02-27 00:51:00,510 pid=24572 ---- SHAPE THE PATTERN ----
2026-02-27 00:51:00,510 pid=24572 v2_delta                   = 0.087 Hz
2026-02-27 00:51:00,510 pid=24572 a46_delta                  = -0.011 Hz
2026-02-27 00:51:00,510 pid=24572 bif_term                   = 4.867 Hz
2026-02-27 00:51:00,510 pid=24572 --- pattern penalties ---
2026-02-27 00:51:00,510 pid=24572 penalty_v2_no_transient           = 2.197
2026-02-27 00:51:00,510 pid=24572 penalty_46_no_persistence         = 2.898
2026-02-27 00:51:00,510 pid=24572 penalty_no_bifurcation_pattern    = 47.383
2026-02-27 00:51:00,510 pid=24572 TOTAL PENALTY (stim+base) = 85.819
2026-02-27 00:51:00,510 pid=24572 ===========================================
2026-02-27 00:51:12,683 pid=24572 ============== DEBUG FITNESS ==============
2026-02-27 00:51:12,683 pid=24572 stim_e1_v2               = 0.385 Hz
2026-02-27 00:51:12,683 pid=24572 mean_offstim_e1_v2       = 0.390 Hz
2026-02-27 00:51:12,683 pid=24572 persistent_e1_46         = 0.391 Hz
2026-02-27 00:51:12,683 pid=24572 mean_pre_e1_46           = 0.389 Hz
2026-02-27 00:51:12,683 pid=24572 e2_metric (anywhere, any t)= 0.000 Hz
2026-02-27 00:51:12,683 pid=24572 --- penalties ---
2026-02-27 00:51:12,683 pid=24572 penalty_e1_v2_high_during_stim = 2.610
2026-02-27 00:51:12,683 pid=24572 penalty_e1_v2_low_outside_stim = 0.000
2026-02-27 00:51:12,683 pid=24572 penalty_e1_v2_total            = 2.610
2026-02-27 00:51:12,683 pid=24572 penalty_e1_46_high_persistent  = 92.324
2026-02-27 00:51:12,683 pid=24572 penalty_e1_46_low_before_stim  = 0.000
2026-02-27 00:51:12,683 pid=24572 penalty_e1_46_total            = 92.324
2026-02-27 00:51:12,683 pid=24572 penalty_e2                     = 0.000
2026-02-27 00:51:12,683 pid=24572 total_penalty_stim             = 94.934
2026-02-27 00:51:12,683 pid=24572 ---- SHAPE THE PATTERN ----
2026-02-27 00:51:12,683 pid=24572 v2_delta                   = -0.005 Hz
2026-02-27 00:51:12,683 pid=24572 a46_delta                  = 0.002 Hz
2026-02-27 00:51:12,683 pid=24572 bif_term                   = 0.748 Hz
2026-02-27 00:51:12,683 pid=24572 --- pattern penalties ---
2026-02-27 00:51:12,683 pid=24572 penalty_v2_no_transient           = 2.852
2026-02-27 00:51:12,683 pid=24572 penalty_46_no_persistence         = 2.798
2026-02-27 00:51:12,683 pid=24572 penalty_no_bifurcation_pattern    = 1.120
2026-02-27 00:51:12,683 pid=24572 TOTAL PENALTY (stim+base) = 101.703
2026-02-27 00:51:12,683 pid=24572 ===========================================
