2026-02-27 00:50:48,531 pid=17320 ============== DEBUG FITNESS ==============
2026-02-27 00:50:48,531 pid=17320 stim_e1_v2               = 19.691 Hz
2026-02-27 00:50:48,531 pid=17320 mean_offstim_e1_v2       = 19.657 Hz
2026-02-27 00:50:48,531 pid=17320 persistent_e1_46         = 22.111 Hz
2026-02-27 00:50:48,531 pid=17320 mean_pre_e1_46           = 22.016 Hz
2026-02-27 00:50:48,531 pid=17320 e2_metric (anywhere, any t)= 0.000 Hz
2026-02-27 00:50:48,531 pid=17320 --- penalties ---
2026-02-27 00:50:48,531 pid=17320 penalty_e1_v2_high_during_stim = 0.000
2026-02-27 00:50:48,531 pid=17320 penalty_e1_v2_low_outside_stim = 18.657
2026-02-27 00:50:48,531 pid=17320 penalty_e1_v2_total            = 18.657
2026-02-27 00:50:48,532 pid=17320 penalty_e1_46_high_persistent  = 0.000
2026-02-27 00:50:48,532 pid=17320 penalty_e1_46_low_before_stim  = 21.016
2026-02-27 00:50:48,532 pid=17320 penalty_e1_46_total            = 21.016
2026-02-27 00:50:48,532 pid=17320 penalty_e2                     = 0.000
2026-02-27 00:50:48,532 pid=17320 total_penalty_stim             = 39.673
2026-02-27 00:50:48,532 pid=17320 ---- SHAPE THE PATTERN ----
2026-02-27 00:50:48,532 pid=17320 v2_delta                   = 0.035 Hz
2026-02-27 00:50:48,532 pid=17320 a46_delta                  = 0.095 Hz
2026-02-27 00:50:48,532 pid=17320 bif_term                   = -1.705 Hz
2026-02-27 00:50:48,532 pid=17320 --- pattern penalties ---
2026-02-27 00:50:48,532 pid=17320 penalty_v2_no_transient           = 2.558
2026-02-27 00:50:48,532 pid=17320 penalty_46_no_persistence         = 2.144
2026-02-27 00:50:48,532 pid=17320 penalty_no_bifurcation_pattern    = 0.000
2026-02-27 00:50:48,532 pid=17320 TOTAL PENALTY (stim+base) = 44.375
2026-02-27 00:50:48,532 pid=17320 ===========================================
2026-02-27 00:51:03,081 pid=17320 ============== DEBUG FITNESS ==============
2026-02-27 00:51:03,081 pid=17320 stim_e1_v2               = 0.426 Hz
2026-02-27 00:51:03,081 pid=17320 mean_offstim_e1_v2       = 0.437 Hz
2026-02-27 00:51:03,081 pid=17320 persistent_e1_46         = 21.967 Hz
2026-02-27 00:51:03,081 pid=17320 mean_pre_e1_46           = 22.082 Hz
2026-02-27 00:51:03,081 pid=17320 e2_metric (anywhere, any t)= 0.000 Hz
2026-02-27 00:51:03,081 pid=17320 --- penalties ---
2026-02-27 00:51:03,081 pid=17320 penalty_e1_v2_high_during_stim = 2.477
2026-02-27 00:51:03,081 pid=17320 penalty_e1_v2_low_outside_stim = 0.000
2026-02-27 00:51:03,081 pid=17320 penalty_e1_v2_total            = 2.477
2026-02-27 00:51:03,081 pid=17320 penalty_e1_46_high_persistent  = 0.000
2026-02-27 00:51:03,081 pid=17320 penalty_e1_46_low_before_stim  = 21.082
2026-02-27 00:51:03,081 pid=17320 penalty_e1_46_total            = 21.082
2026-02-27 00:51:03,081 pid=17320 penalty_e2                     = 0.000
2026-02-27 00:51:03,081 pid=17320 total_penalty_stim             = 23.559
2026-02-27 00:51:03,081 pid=17320 ---- SHAPE THE PATTERN ----
2026-02-27 00:51:03,081 pid=17320 v2_delta                   = -0.010 Hz
2026-02-27 00:51:03,081 pid=17320 a46_delta                  = -0.115 Hz
2026-02-27 00:51:03,082 pid=17320 bif_term                   = -20.780 Hz
2026-02-27 00:51:03,082 pid=17320 --- pattern penalties ---
2026-02-27 00:51:03,082 pid=17320 penalty_v2_no_transient           = 2.891
2026-02-27 00:51:03,082 pid=17320 penalty_46_no_persistence         = 3.745
2026-02-27 00:51:03,082 pid=17320 penalty_no_bifurcation_pattern    = 0.000
2026-02-27 00:51:03,082 pid=17320 TOTAL PENALTY (stim+base) = 30.195
2026-02-27 00:51:03,082 pid=17320 ===========================================
2026-02-27 00:51:18,858 pid=17320 ============== DEBUG FITNESS ==============
2026-02-27 00:51:18,858 pid=17320 stim_e1_v2               = 19.762 Hz
2026-02-27 00:51:18,858 pid=17320 mean_offstim_e1_v2       = 19.708 Hz
2026-02-27 00:51:18,858 pid=17320 persistent_e1_46         = 20.630 Hz
2026-02-27 00:51:18,858 pid=17320 mean_pre_e1_46           = 20.578 Hz
2026-02-27 00:51:18,858 pid=17320 e2_metric (anywhere, any t)= 0.000 Hz
2026-02-27 00:51:18,858 pid=17320 --- penalties ---
2026-02-27 00:51:18,858 pid=17320 penalty_e1_v2_high_during_stim = 0.000
2026-02-27 00:51:18,858 pid=17320 penalty_e1_v2_low_outside_stim = 18.708
2026-02-27 00:51:18,858 pid=17320 penalty_e1_v2_total            = 18.708
2026-02-27 00:51:18,858 pid=17320 penalty_e1_46_high_persistent  = 0.000
2026-02-27 00:51:18,859 pid=17320 penalty_e1_46_low_before_stim  = 19.578
2026-02-27 00:51:18,859 pid=17320 penalty_e1_46_total            = 19.578
2026-02-27 00:51:18,859 pid=17320 penalty_e2                     = 0.000
2026-02-27 00:51:18,859 pid=17320 total_penalty_stim             = 38.285
2026-02-27 00:51:18,859 pid=17320 ---- SHAPE THE PATTERN ----
2026-02-27 00:51:18,859 pid=17320 v2_delta                   = 0.054 Hz
2026-02-27 00:51:18,859 pid=17320 a46_delta                  = 0.053 Hz
2026-02-27 00:51:18,859 pid=17320 bif_term                   = -0.173 Hz
2026-02-27 00:51:18,859 pid=17320 --- pattern penalties ---
2026-02-27 00:51:18,859 pid=17320 penalty_v2_no_transient           = 2.422
2026-02-27 00:51:18,859 pid=17320 penalty_46_no_persistence         = 2.430
2026-02-27 00:51:18,859 pid=17320 penalty_no_bifurcation_pattern    = 0.000
2026-02-27 00:51:18,859 pid=17320 TOTAL PENALTY (stim+base) = 43.137
2026-02-27 00:51:18,859 pid=17320 ===========================================
